<?xml version="1.0" encoding="UTF-8"?>
<!-- Generated by org.testng.reporters.JUnitXMLReporter -->
<testsuite hostname="DESKTOP-955TIBR" name="Test" tests="9" failures="0" timestamp="27 Jun 2020 05:08:19 GMT" time="235.628" errors="0">
  <testcase name="testClickReportsTab" time="17.64" classname="com.TestNgActiTime.script.Test_Click_ReportsTab"/>
  <testcase name="testClickTaskTab" time="9.182" classname="com.TestNgActiTime.script.Test_Click_TaskTab"/>
  <testcase name="testClickUsersTab" time="7.328" classname="com.TestNgActiTime.script.Test_Click_UsersTab"/>
  <testcase name="testCreateNewCustomer" time="8.353" classname="com.TestNgActiTime.script.Test_CreateNewCustomer"/>
  <testcase name="testCreateNewTask" time="7.417" classname="com.TestNgActiTime.script.Test_CreateNewTasks"/>
  <testcase name="test_InValidLogin" time="4.406" classname="com.TestNgActiTime.script.Test_InValidLogin"/>
  <testcase name="CheckIssueDate" time="6.432" classname="com.TestNgActiTime.script.Test_IssueDate"/>
  <testcase name="CheckProductEdition" time="5.745" classname="com.TestNgActiTime.script.Test_ProductEdition"/>
  <testcase name="testLoginPage" time="3.87" classname="com.TestNgActiTime.script.Test_ValidLoginPage"/>
</testsuite> <!-- Test -->
